<?xml version="1.0" encoding="UTF-8"?>
<testsuite name="org.example.AppTest" tests="1" skipped="0" failures="0" errors="0" timestamp="2024-03-17T17:59:57" hostname="Srikanths-Air.hitronhub.home" time="0.011">
  <properties/>
  <testcase name="appHasAGreeting()" classname="org.example.AppTest" time="0.011"/>
  <system-out><![CDATA[]]></system-out>
  <system-err><![CDATA[]]></system-err>
</testsuite>
